Running for dataset: pokec
2025-10-08 04:32:36,796 | INFO : Experiment modcirc_gcn_seed_gnn (SEED=42) started at 2025-10-08 04:32:36.795415-05:00 with the following config: 
2025-10-08 04:32:36,796 | INFO : {
    "pipeline_params": {
        "method": "seed_gnn",
        "model_name": "GCN",
        "architecture": {
            "num_layers": 2,
            "hidden_channels": 32,
            "dropout": 0.1,
            "batch_norm": false,
            "residual": false
        },
        "load_pretrained_backbone": true,
        "optim": "adam",
        "pretrain_lr": 0.01,
        "edit_lr": 0.001,
        "epochs": 500,
        "max_num_edit_steps": 500,
        "normalize": true,
        "loop": true,
        "alpha": 0.25,
        "beta": 100
    },
    "eval_params": {
        "dataset": "pokec",
        "num_targets": 50,
        "subgroup_features": [
            "gender"
        ]
    },
    "corruption": {
        "features": [
            "AGE",
            "zakladne"
        ]
    },
    "eval_results": {},
    "management": {
        "exp_desc": "modcirc_gcn_seed_gnn",
        "pipeline_config_dir": "config/pipeline_config/seed_gnn/gcn/pokec.json",
        "eval_config_dir": "config/eval_config/edit_gnn/pokec.json",
        "output_folder_dir": "/home/model_editing/data/seed_gnn_data/results/seed_gnn/gcn/pokec/",
        "job_post_via": "terminal",
        "task": "modcirc",
        "pretrain_output_dir": "/home/model_editing/data/seed_gnn_data/edit_ckpts",
        "dataset_dir": "/home/model_editing/data/seed_gnn_data/dataset",
        "sub_dir": {
            "input_config": "input_config/",
            "raw_results": "raw_results.json",
            "result_vis": "result_vis.png",
            "output_config": "output_config.json"
        }
    }
}
Age imputation: 2563/8797 (29.1%) missing values imputed with average age 21.0
Class 0: 4510 samples
Class 0: train_count=2255, val_count=1353
Class 1: 4287 samples
Class 1: train_count=2143, val_count=1286
Train labels: tensor([2255, 2143])
Val labels: tensor([1353, 1286])
Test labels: tensor([902, 858])
Saved visualization plot to: /home/model_editing/data/seed_gnn_data/results/seed_gnn/gcn/pokec/visualization_plots/pokec_GCN/pokec_label_distribution_analysis.png

============================================================
DEMOGRAPHIC ANALYSIS SUMMARY
============================================================

Dataset: pokec
Total samples: 8797
Label distribution:
  Label 0: 4510 (51.3%)
  Label 1: 4287 (48.7%)

Age statistics by label:
       count   mean   std  min    max
label                                
0       4510  19.23  3.57  2.0   83.0
1       4287  23.94  8.90  1.0  111.0

Gender distribution by label:
label      0     1   All
gender                  
0.0     2537  2372  4909
1.0     1973  1915  3888
All     4510  4287  8797

Region statistics:
  Total unique regions: 2
  Top 5 regions by total count:
    Region 0: 5975 samples
    Region 1: 2822 samples

English proficiency distribution by label:
label        0     1   All
anglicky                  
0          984  1851  2835
1         3526  2436  5962
All       4510  4287  8797

Marital status distribution by label:
label               0     1   All
zenaty (vydata)                  
0                4485  3968  8453
1                  25   319   344
All              4510  4287  8797
============================================================
                         public  ...     label
public                 1.000000  ...  0.008466
completion_percentage  0.103720  ... -0.055271
gender                 0.028243  ...  0.009287
region                 0.067506  ...  0.030095
AGE                   -0.130780  ...  0.308331

[5 rows x 267 columns]

Top correlated with AGE:
  zakladne: -0.4476
  stredoskolske: 0.4116
  label: 0.3083
  anglicky: -0.2887
  hip-hop: -0.2590

Top correlated with region:
  madarsky: 0.1835
  v kine: -0.0843
  kino: -0.0824
  hokej: -0.0786
  ist do kina alebo divadla: -0.0747

Top correlated with gender:
  kratke: 0.5176
  dlhe: -0.4361
  vojnove: 0.3679
  fialova: -0.3267
  nakupovanie: -0.3163

Top correlated with anglicky:
  spoken_languages_indicator: 0.4896
  AGE: -0.2887
  label: -0.2284
  zakladne: 0.2227
  v kine: 0.2100

Top correlated with zenaty (vydata):
  slobodny(a): -0.1947
  AGE: 0.1821
  label: 0.1776
  anglicky: -0.1508
  zakladne: -0.1288

Top correlated with label:
  AGE: 0.3083
  anglicky: -0.2284
  zakladne: -0.2073
  zenaty (vydata): 0.1776
  stredoskolske: 0.1613
Top features correlated with label:
AGE                           0.308331
anglicky                      0.228439
zakladne                      0.207326
zenaty (vydata)               0.177581
stredoskolske                 0.161265
rozvedeny(a)                  0.147508
vysokoskolske                 0.137193
spoken_languages_indicator    0.121127
pri telke                     0.117653
pocuvanie hudby               0.116589
Name: label, dtype: float64
                        feature  abs_score     score
4                           AGE   0.330717  0.330717
6                      anglicky   0.228439 -0.228439
83                     zakladne   0.207326 -0.207326
142             zenaty (vydata)   0.177581  0.177581
82                stredoskolske   0.161265  0.161265
143                rozvedeny(a)   0.147508  0.147508
84                vysokoskolske   0.137193  0.137193
5    spoken_languages_indicator   0.121127 -0.121127
46                    pri telke   0.117653 -0.117653
17              pocuvanie hudby   0.116589 -0.116589
2025-10-08 04:32:42,513 | INFO : [pokec] Feature names (266): ['public', 'completion_percentage', 'gender', 'region', 'AGE', 'spoken_languages_indicator', 'anglicky', 'nemecky', 'rusky', 'francuzsky', 'taliansky', 'slovensky', 'spanielsky', 'madarsky', 'japonsky', 'hobbies_indicator', 'priatelia', 'pocuvanie hudby', 'sportovanie', 'pozeranie filmov', 'spanie', 'party', 'kupalisko', 'cestovanie', 'nakupovanie', 'kino', 'diskoteky', 'surfovanie po webe', 'tancovanie', 'sex'] ...
2025-10-08 04:32:51,787 | INFO : Adding self-loops... 
2025-10-08 04:32:51,788 | INFO : Done! [0.00s]
2025-10-08 04:32:51,790 | INFO : Done! [0.00s]
2025-10-08 04:32:51,790 | INFO : Adding self-loops... 
2025-10-08 04:32:51,791 | INFO : Done! [0.00s]
2025-10-08 04:32:51,793 | INFO : Done! [0.00s]
['public', 'completion_percentage', 'gender', 'region', 'AGE', 'spoken_languages_indicator', 'anglicky', 'nemecky', 'rusky', 'francuzsky', 'taliansky', 'slovensky', 'spanielsky', 'madarsky', 'japonsky', 'hobbies_indicator', 'priatelia', 'pocuvanie hudby', 'sportovanie', 'pozeranie filmov', 'spanie', 'party', 'kupalisko', 'cestovanie', 'nakupovanie', 'kino', 'diskoteky', 'surfovanie po webe', 'tancovanie', 'sex', 'praca s pc', 'pc hry', 'varenie', 'jedlo', 'turistika', 'fotografovanie', 'citanie', 'stanovanie', 'divadlo', 'malovanie', 'chovatelstvo', 'domace prace', 'prace okolo domu', 'prace v zahrade', 'chodenie do muzei', 'I_most_enjoy_good_food_indicator', 'pri telke', 'v dobrej restauracii', 'v posteli', 'pri svieckach s partnerom', 'v kuchyni pri stole', 'v prirode', 'z partnerovho bruska', 'pets_indicator', 'pes', 'mam psa', 'nemam ziadne', 'macka', 'rybky', 'mam macku', 'mam rybky', 'body_type_indicator', 'priemerna', 'vysportovana', 'chuda', 'velka a pekna', 'tak trosku pri sebe', 'eye_color_indicator', 'hnede', 'modre', 'zelene', 'hair_color_indicator', 'cierne', 'blond', 'hair_type_indicator', 'kratke', 'dlhe', 'rovne', 'po plecia', 'kucerave', 'na jezka', 'completed_level_of_education_indicator', 'stredoskolske', 'zakladne', 'vysokoskolske', 'ucnovske', 'favourite_color_indicator', 'cierna', 'modra', 'biela', 'cervena', 'zelena', 'fialova', 'ruzova', 'zlta', 'oranzova', 'hneda', 'relation_to_smoking_indicator', 'nefajcim', 'fajcim pravidelne', 'fajcim prilezitostne', 'uz nefajcim', 'relation_to_alcohol_indicator', 'pijem prilezitostne', 'abstinent', 'nepijem', 'on_pokec_i_am_looking_for_indicator', 'dobreho priatela', 'priatelku', 'niekoho na chatovanie', 'udrzujem vztahy s priatelmi', 'vaznu znamost', 'sexualneho partnera', 'dlhodoby seriozny vztah', 'love_is_for_me_indicator', 'nie je nic lepsie', 'ako byt zamilovany(a)', 'v laske vidim zmysel zivota', 'v laske som sa sklamal(a)', 'preto som velmi opatrny(a)', 'laska je zakladom vyrovnaneho sexualneho zivota', 'davam prednost realite', 'romanticka laska nie je pre mna', 'relation_to_casual_sex_indicator', 'nedokazem mat s niekym sex bez lasky', 'to skutocne zalezi len na okolnostiach', 'sex mozem mat iba s niekym', 'koho dobre poznam', 'dokazem mat sex s kymkolvek', 'kto dobre vyzera', 'my_partner_should_be_indicator', 'laskou mojho zivota', 'mojou chybajucou polovickou', 'moj najlepsi priatel', 'absolutne zodpovedny a spolahlivy', 'clovek', 'hlavne spolocensky typ', 'ktoreho uplne respektujem', 'hlavne dobry milenec', 'marital_status_indicator', 'slobodny(a)', 'mam vazny vztah', 'zenaty (vydata)', 'rozvedeny(a)', 'relation_to_children_indicator', 'v buducnosti chcem mat deti', 'I_like_movies_indicator', 'komedie', 'akcne', 'horory', 'serialy', 'romanticke', 'rodinne', 'vojnove', 'sci-fi', 'historicke', 'eroticke', 'zahadne', 'mysteriozne', 'dokumentarne', 'dramy', 'fantasy', 'muzikaly', 'kasove trhaky', 'umelecke', 'I_like_watching_movie_indicator', 'doma z gauca', 'v kine', 'u priatela', 'priatelky', 'I_like_music_indicator', 'disko', 'rap', 'pop', 'rock', 'techno', 'house', 'hitparadovky', 'sladaky', 'hip-hop', 'oldies', 'metal', 'soundtracky', 'punk', 'folk a country', 'folklor a ludovky', 'jazz', 'klasicka hudba', 'opery', 'trance', 'I_mostly_like_listening_to_music_indicator', 'kedykolvek a kdekolvek', 'na posteli', 'pri chodzi', 'na diskoteke', 'na dobru noc', 's partnerom', 'vo vani', 'v aute', 'pri sexe', 'na koncerte', 'v praci', 'the_idea_of_good_evening_indicator', 'pozerat dobry film v tv', 'pocuvat dobru hudbu', 's kamaratmi do baru', 'surfovat na sieti a chatovat', 'ist do kina alebo divadla', 'ist na koncert', 'citat dobru knihu', 'nieco dobre uvarit', 'zhasnut svetla a meditovat', 'ist do posilnovne', 'I_like_specialties_from_kitchen_indicator', 'slovenskej', 'talianskej', 'cinskej', 'mexickej', 'francuzskej', 'greckej', 'morske zivocichy', 'japonskej', 'vegetarianskej', 'indickej', 'I_am_going_to_concerts_indicator', 'ja na koncerty nechodim', 'zriedkavo', 'my_active_sports_indicator', 'futbal', 'plavanie', 'kolieskove korcule', 'behanie', 'posilnovanie', 'korculovanie', 'tenis', 'lyzovanie', 'hokej', 'basketbal', 'pingpong', 'auto-moto sporty', 'bedminton', 'aerobik', 'volejbal', 'bojove sporty', 'hadzana', 'snowboarding', 'my_passive_sports_indicator', 'skateboarding', 'baseball', 'golf', 'I_like_books_indicator', 'necitam knihy', 'o zabave', 'humor', 'hry', 'historicke romany', 'rozpravky', 'odbornu literaturu', 'psychologicku literaturu', 'literaturu pre rozvoj osobnosti', 'cestopisy', 'literaturu faktu', 'zivotopisne a pamate', 'poeziu', 'pocitacovu literaturu', 'filozoficku literaturu']
['AGE', 'zakladne']
============================================================
GNN CIRCUIT DISCOVERY USING EDGE ATTRIBUTE PATCHING
============================================================

Input Summary:
  Graph: 8797 nodes, 39927 edges
  Features: 266 dimensions
  Target nodes: 2639 nodes
  Device: cuda
  Feature names: ['public', 'completion_percentage', 'gender', 'region', 'AGE', 'spoken_languages_indicator', 'anglicky', 'nemecky', 'rusky', 'francuzsky', 'taliansky', 'slovensky', 'spanielsky', 'madarsky', 'japonsky', 'hobbies_indicator', 'priatelia', 'pocuvanie hudby', 'sportovanie', 'pozeranie filmov', 'spanie', 'party', 'kupalisko', 'cestovanie', 'nakupovanie', 'kino', 'diskoteky', 'surfovanie po webe', 'tancovanie', 'sex', 'praca s pc', 'pc hry', 'varenie', 'jedlo', 'turistika', 'fotografovanie', 'citanie', 'stanovanie', 'divadlo', 'malovanie', 'chovatelstvo', 'domace prace', 'prace okolo domu', 'prace v zahrade', 'chodenie do muzei', 'I_most_enjoy_good_food_indicator', 'pri telke', 'v dobrej restauracii', 'v posteli', 'pri svieckach s partnerom', 'v kuchyni pri stole', 'v prirode', 'z partnerovho bruska', 'pets_indicator', 'pes', 'mam psa', 'nemam ziadne', 'macka', 'rybky', 'mam macku', 'mam rybky', 'body_type_indicator', 'priemerna', 'vysportovana', 'chuda', 'velka a pekna', 'tak trosku pri sebe', 'eye_color_indicator', 'hnede', 'modre', 'zelene', 'hair_color_indicator', 'cierne', 'blond', 'hair_type_indicator', 'kratke', 'dlhe', 'rovne', 'po plecia', 'kucerave', 'na jezka', 'completed_level_of_education_indicator', 'stredoskolske', 'zakladne', 'vysokoskolske', 'ucnovske', 'favourite_color_indicator', 'cierna', 'modra', 'biela', 'cervena', 'zelena', 'fialova', 'ruzova', 'zlta', 'oranzova', 'hneda', 'relation_to_smoking_indicator', 'nefajcim', 'fajcim pravidelne', 'fajcim prilezitostne', 'uz nefajcim', 'relation_to_alcohol_indicator', 'pijem prilezitostne', 'abstinent', 'nepijem', 'on_pokec_i_am_looking_for_indicator', 'dobreho priatela', 'priatelku', 'niekoho na chatovanie', 'udrzujem vztahy s priatelmi', 'vaznu znamost', 'sexualneho partnera', 'dlhodoby seriozny vztah', 'love_is_for_me_indicator', 'nie je nic lepsie', 'ako byt zamilovany(a)', 'v laske vidim zmysel zivota', 'v laske som sa sklamal(a)', 'preto som velmi opatrny(a)', 'laska je zakladom vyrovnaneho sexualneho zivota', 'davam prednost realite', 'romanticka laska nie je pre mna', 'relation_to_casual_sex_indicator', 'nedokazem mat s niekym sex bez lasky', 'to skutocne zalezi len na okolnostiach', 'sex mozem mat iba s niekym', 'koho dobre poznam', 'dokazem mat sex s kymkolvek', 'kto dobre vyzera', 'my_partner_should_be_indicator', 'laskou mojho zivota', 'mojou chybajucou polovickou', 'moj najlepsi priatel', 'absolutne zodpovedny a spolahlivy', 'clovek', 'hlavne spolocensky typ', 'ktoreho uplne respektujem', 'hlavne dobry milenec', 'marital_status_indicator', 'slobodny(a)', 'mam vazny vztah', 'zenaty (vydata)', 'rozvedeny(a)', 'relation_to_children_indicator', 'v buducnosti chcem mat deti', 'I_like_movies_indicator', 'komedie', 'akcne', 'horory', 'serialy', 'romanticke', 'rodinne', 'vojnove', 'sci-fi', 'historicke', 'eroticke', 'zahadne', 'mysteriozne', 'dokumentarne', 'dramy', 'fantasy', 'muzikaly', 'kasove trhaky', 'umelecke', 'I_like_watching_movie_indicator', 'doma z gauca', 'v kine', 'u priatela', 'priatelky', 'I_like_music_indicator', 'disko', 'rap', 'pop', 'rock', 'techno', 'house', 'hitparadovky', 'sladaky', 'hip-hop', 'oldies', 'metal', 'soundtracky', 'punk', 'folk a country', 'folklor a ludovky', 'jazz', 'klasicka hudba', 'opery', 'trance', 'I_mostly_like_listening_to_music_indicator', 'kedykolvek a kdekolvek', 'na posteli', 'pri chodzi', 'na diskoteke', 'na dobru noc', 's partnerom', 'vo vani', 'v aute', 'pri sexe', 'na koncerte', 'v praci', 'the_idea_of_good_evening_indicator', 'pozerat dobry film v tv', 'pocuvat dobru hudbu', 's kamaratmi do baru', 'surfovat na sieti a chatovat', 'ist do kina alebo divadla', 'ist na koncert', 'citat dobru knihu', 'nieco dobre uvarit', 'zhasnut svetla a meditovat', 'ist do posilnovne', 'I_like_specialties_from_kitchen_indicator', 'slovenskej', 'talianskej', 'cinskej', 'mexickej', 'francuzskej', 'greckej', 'morske zivocichy', 'japonskej', 'vegetarianskej', 'indickej', 'I_am_going_to_concerts_indicator', 'ja na koncerty nechodim', 'zriedkavo', 'my_active_sports_indicator', 'futbal', 'plavanie', 'kolieskove korcule', 'behanie', 'posilnovanie', 'korculovanie', 'tenis', 'lyzovanie', 'hokej', 'basketbal', 'pingpong', 'auto-moto sporty', 'bedminton', 'aerobik', 'volejbal', 'bojove sporty', 'hadzana', 'snowboarding', 'my_passive_sports_indicator', 'skateboarding', 'baseball', 'golf', 'I_like_books_indicator', 'necitam knihy', 'o zabave', 'humor', 'hry', 'historicke romany', 'rozpravky', 'odbornu literaturu', 'psychologicku literaturu', 'literaturu pre rozvoj osobnosti', 'cestopisy', 'literaturu faktu', 'zivotopisne a pamate', 'poeziu', 'pocitacovu literaturu', 'filozoficku literaturu']

Corruption Strategy:
  Experiment 1: ['AGE', 'zakladne']

=== Starting Circuit Discovery ===
Computational nodes found: ['convs.0', 'convs.1']
Processing 1 corruption experiments...

Experiment 1/1:
  Corrupting features: ['AGE', 'zakladne']
  [DEBUG] Creating corruption for features: ['AGE', 'zakladne']
  [DEBUG] Feature 'AGE' -> index 4
  [DEBUG] Feature 'zakladne' -> index 83
  [DEBUG] Feature 4: unique_vals=[1.0, 2.0, 3.0, 5.0, 6.0, 7.0, 8.0, 9.0, 10.0, 11.0, 12.0, 13.0, 14.0, 15.0, 16.0, 17.0, 18.0, 19.0, 20.0, 21.0, 22.0, 23.0, 24.0, 25.0, 26.0, 27.0, 28.0, 29.0, 30.0, 31.0, 32.0, 33.0, 34.0, 35.0, 36.0, 37.0, 38.0, 39.0, 40.0, 41.0, 42.0, 43.0, 44.0, 45.0, 46.0, 47.0, 48.0, 49.0, 50.0, 51.0, 52.0, 53.0, 54.0, 55.0, 56.0, 57.0, 58.0, 59.0, 60.0, 61.0, 62.0, 68.0, 83.0, 110.0, 111.0], shape=torch.Size([8797])
  [DEBUG] Feature 4 is continuous - shuffling values
  [DEBUG] Shuffle: mean 21.524->21.524, std 7.116->7.116
  [DEBUG] Feature 83: unique_vals=[0.0, 1.0], shape=torch.Size([8797])
  [DEBUG] Feature 83 is binary - flipping values
  [DEBUG] Binary flip: 0.413 -> 0.587
  [DEBUG] Getting activations - registering hooks for 2 nodes
  [DEBUG] Registering hooks for 2 computational nodes...
  [DEBUG] Hook registered for convs.0: <class 'torch_geometric.nn.conv.gcn_conv.GCNConv'>
  [DEBUG] Hook registered for convs.1: <class 'torch_geometric.nn.conv.gcn_conv.GCNConv'>
  [DEBUG] Clean activations collected: ['convs.0', 'convs.1']
  [DEBUG]   convs.0: shape=torch.Size([8797, 32]), mean=1.3177, std=5.8509
  [DEBUG]   convs.1: shape=torch.Size([8797, 2]), mean=1.7170, std=3.1648
  [DEBUG] Corrupted activations collected: ['convs.0', 'convs.1']
  [DEBUG]   convs.0: shape=torch.Size([8797, 32]), mean=1.3203, std=5.8492
  [DEBUG]   convs.0: avg_abs_diff=0.396587
  [DEBUG]   convs.1: shape=torch.Size([8797, 2]), mean=1.6991, std=3.1111
  [DEBUG]   convs.1: avg_abs_diff=0.542245
  [DEBUG] Enabling gradients for all model parameters...
  [DEBUG] Switching model to train mode for gradient computation
  [DEBUG] Set input requires_grad=True
  [DEBUG] Final clean outputs: shape=torch.Size([8797, 2]), requires_grad=True
  [DEBUG] Output stats: mean=1.6970, std=3.4361
  [DEBUG] Parameters requiring gradients after enabling: 4
  Clean outputs shape: torch.Size([8797, 2])
  [DEBUG] Computing gradients for 2639 target nodes
  [DEBUG] Parameters requiring gradients: 4
  [DEBUG] Sample params with grad: ['convs.0.bias', 'convs.0.lin.weight', 'convs.1.bias']
  [DEBUG] Total ground truth logit: 4536.2778
  [DEBUG] Total logit requires_grad: True
  [DEBUG] Starting backward pass...
  [DEBUG] Checking gradients in 2 computational nodes...
  [DEBUG] Checking module: convs.0
  [DEBUG]   Module found: <class 'torch_geometric.nn.conv.gcn_conv.GCNConv'>
  [DEBUG]   Using weight from module.lin.weight: shape=(32, 266)
  [DEBUG]   Gradient cached: shape=torch.Size([32, 266]), mean=28.139210, max_abs=54299.855469
  [DEBUG] Checking module: convs.1
  [DEBUG]   Module found: <class 'torch_geometric.nn.conv.gcn_conv.GCNConv'>
  [DEBUG]   Using weight from module.lin.weight: shape=(2, 32)
  [DEBUG]   Gradient cached: shape=torch.Size([2, 32]), mean=4291.485840, max_abs=13867.806641
  [DEBUG] Cached gradients for 2/2 modules
  [DEBUG] Cleared model gradients
  Gradients computed for 2 modules
  [DEBUG] convs.0 activation diff: shape=torch.Size([8797, 32])
  [DEBUG]   mean_abs_diff=0.396587
  [DEBUG]   max_abs_diff=6.618712
  [DEBUG]   nodes_with_change=8797
  [DEBUG] convs.0 gradient shape: torch.Size([32, 266])
  [DEBUG] Using matrix multiplication: activation_diff @ gradient
  [DEBUG] Activation diff shape: torch.Size([8797, 32])
  [DEBUG] Gradient shape: torch.Size([32, 266])
  [DEBUG] Causal effect computed successfully
  [DEBUG] Causal effect shape: torch.Size([8797])
  [DEBUG] Final causal effect: shape=torch.Size([8797])
  [DEBUG]   mean_abs=225308.234375
  [DEBUG]   max_abs=2048113.250000
  [DEBUG]   nonzero_effects=8797
  convs.0: max_effect=2048113.250000, mean_effect=225308.234375
  [DEBUG] convs.1 activation diff: shape=torch.Size([8797, 2])
  [DEBUG]   mean_abs_diff=0.542245
  [DEBUG]   max_abs_diff=8.159761
  [DEBUG]   nodes_with_change=8795
  [DEBUG] convs.1 gradient shape: torch.Size([2, 32])
  [DEBUG] Using matrix multiplication: activation_diff @ gradient
  [DEBUG] Activation diff shape: torch.Size([8797, 2])
  [DEBUG] Gradient shape: torch.Size([2, 32])
  [DEBUG] Causal effect computed successfully
  [DEBUG] Causal effect shape: torch.Size([8797])
  [DEBUG] Final causal effect: shape=torch.Size([8797])
  [DEBUG]   mean_abs=150136.125000
  [DEBUG]   max_abs=1533612.000000
  [DEBUG]   nonzero_effects=8797
  convs.1: max_effect=1533612.000000, mean_effect=150136.125000

=== Computing Final Importance Scores ===
convs.0:
  Processed 1 experiments
  Final importance - max: 2048113.250000
  Final importance - mean: 225308.234375
  Top-5 nodes: [7315, 1161, 1251, 5217, 7666]
convs.1:
  Processed 1 experiments
  Final importance - max: 1533612.000000
  Final importance - mean: 150136.125000
  Top-5 nodes: [1161, 7315, 1251, 5070, 7666]

=== Selecting Top-10 Circuit Components ===
Total candidates: 17594
Selected circuit components:
   1. convs.0         | Node 7315 | Score: 2048113.250000
   2. convs.0         | Node 1161 | Score: 2005990.000000
   3. convs.0         | Node 1251 | Score: 1879620.375000
   4. convs.0         | Node 5217 | Score: 1784795.750000
   5. convs.0         | Node 7666 | Score: 1753250.875000
   6. convs.0         | Node 5070 | Score: 1753250.750000
   7. convs.0         | Node 190 | Score: 1669003.875000
   8. convs.0         | Node 3186 | Score: 1658731.500000
   9. convs.0         | Node 3497 | Score: 1626880.750000
  10. convs.0         | Node 6128 | Score: 1584758.000000

Summary Statistics:
  Total importance across all components: 3302784000.000000
  convs.0: 60.01% of total importance
  convs.1: 39.99% of total importance

Final Circuit:
  Selected 10 most important components
  Circuit covers 10 unique graph nodes
  Circuit spans 1 computational layers

=== Creating Neighborhood Analysis ===
  [DEBUG] Created NetworkX graph with 8797 nodes and 24362 edges
  [INFO] Saved neighborhood analysis: /home/model_editing/data/seed_gnn_data/results/seed_gnn/gcn/pokec//modcirc_results/circuit_analysis

=== Neighborhood Analysis Summary ===
Analyzed top 10 circuit nodes:
  convs.0      Node 7315: degree=  2, 1-hop=  0, 2-hop=  0, 3-hop=  0
  convs.0      Node 1161: degree=  2, 1-hop=  0, 2-hop=  0, 3-hop=  0
  convs.0      Node 1251: degree=  2, 1-hop=  0, 2-hop=  0, 3-hop=  0
  convs.0      Node 5217: degree=  5, 1-hop=  3, 2-hop=  2, 3-hop= 15
  convs.0      Node 7666: degree=  2, 1-hop=  0, 2-hop=  0, 3-hop=  0
  convs.0      Node 5070: degree=  2, 1-hop=  0, 2-hop=  0, 3-hop=  0
  convs.0      Node 190: degree=  2, 1-hop=  0, 2-hop=  0, 3-hop=  0
  convs.0      Node 3186: degree=  2, 1-hop=  0, 2-hop=  0, 3-hop=  0
  convs.0      Node 3497: degree=  2, 1-hop=  0, 2-hop=  0, 3-hop=  0
  convs.0      Node 6128: degree=  2, 1-hop=  0, 2-hop=  0, 3-hop=  0
  [INFO] Saved cumulative importance plot: /home/model_editing/data/seed_gnn_data/results/seed_gnn/gcn/pokec//modcirc_results/cumulative_importance.png
  [INFO] Saved global cumulative importance plot: /home/model_editing/data/seed_gnn_data/results/seed_gnn/gcn/pokec//modcirc_results/global_cumulative_importance.png
  [INFO] Saved modulewise sorted percentages plot: /home/model_editing/data/seed_gnn_data/results/seed_gnn/gcn/pokec//modcirc_results/modulewise_sorted_percentages.png

Circuit discovery completed!
============================================================
2025-10-08 04:32:56,066 | INFO : Saved neuron discovery results to /home/model_editing/data/seed_gnn_data/results/seed_gnn/gcn/pokec/modcirc_results/pokec_GCN
2025-10-08 04:32:56,067 | INFO : output_config file saved to /home/model_editing/data/seed_gnn_data/results/seed_gnn/gcn/pokec/output_config.json.
2025-10-08 04:32:56,067 | INFO : Experiment modcirc_gcn_seed_gnn ended at 2025-10-08 04:32:56.067186-05:00. Duration: 0:00:19.271771
